12:53:00.946 [main] INFO  o.s.b.t.c.SpringBootTestContextBootstrapper - Neither @ContextConfiguration nor @ContextHierarchy found for test class [hdfc.hdfcExtensionTest], using SpringBootContextLoader
12:53:00.962 [main] INFO  o.s.t.c.s.AbstractContextLoader - Could not detect default resource locations for test class [hdfc.hdfcExtensionTest]: no resource found for suffixes {-context.xml, Context.groovy}.
12:53:01.056 [main] INFO  o.s.b.t.c.SpringBootTestContextBootstrapper - Loaded default TestExecutionListener class names from location [META-INF/spring.factories]: [org.springframework.boot.test.mock.mockito.MockitoTestExecutionListener, org.springframework.boot.test.mock.mockito.ResetMocksTestExecutionListener, org.springframework.boot.test.autoconfigure.restdocs.RestDocsTestExecutionListener, org.springframework.boot.test.autoconfigure.web.client.MockRestServiceServerResetTestExecutionListener, org.springframework.boot.test.autoconfigure.web.servlet.MockMvcPrintOnlyOnFailureTestExecutionListener, org.springframework.boot.test.autoconfigure.web.servlet.WebDriverTestExecutionListener, org.springframework.test.context.web.ServletTestExecutionListener, org.springframework.test.context.support.DirtiesContextBeforeModesTestExecutionListener, org.springframework.test.context.support.DependencyInjectionTestExecutionListener, org.springframework.test.context.support.DirtiesContextTestExecutionListener, org.springframework.test.context.transaction.TransactionalTestExecutionListener, org.springframework.test.context.jdbc.SqlScriptsTestExecutionListener]
12:53:01.087 [main] INFO  o.s.b.t.c.SpringBootTestContextBootstrapper - Could not instantiate TestExecutionListener [org.springframework.test.context.web.ServletTestExecutionListener]. Specify custom listener classes or make the default listener classes (and their required dependencies) available. Offending class: [javax/servlet/ServletContext]
12:53:01.118 [main] INFO  o.s.b.t.c.SpringBootTestContextBootstrapper - Using TestExecutionListeners: [org.springframework.test.context.support.DirtiesContextBeforeModesTestExecutionListener@1445d7f, org.springframework.boot.test.autoconfigure.SpringBootDependencyInjectionTestExecutionListener@6a396c1e, org.springframework.test.context.support.DirtiesContextTestExecutionListener@6c3f5566, org.springframework.test.context.transaction.TransactionalTestExecutionListener@12405818, org.springframework.test.context.jdbc.SqlScriptsTestExecutionListener@314c508a, org.springframework.boot.test.autoconfigure.web.client.MockRestServiceServerResetTestExecutionListener@10b48321, org.springframework.boot.test.autoconfigure.web.servlet.WebDriverTestExecutionListener@6b67034, org.springframework.boot.test.autoconfigure.web.servlet.MockMvcPrintOnlyOnFailureTestExecutionListener@16267862, org.springframework.boot.test.mock.mockito.ResetMocksTestExecutionListener@453da22c, org.springframework.boot.test.mock.mockito.MockitoTestExecutionListener@71248c21, org.springframework.boot.test.autoconfigure.restdocs.RestDocsTestExecutionListener@442675e1]
12:53:01.902 [main] INFO  o.s.boot.SpringApplication - 
  .   ____          _            __ _ _
 /\\ / ___'_ __ _ _(_)_ __  __ _ \ \ \ \
( ( )\___ | '_ | '_| | '_ \/ _` | \ \ \ \
 \\/  ___)| |_)| | | | | || (_| |  ) ) ) )
  '  |____| .__|_| |_|_| |_\__, | / / / /
 =========|_|==============|___/=/_/_/_/
 :: Spring Boot ::        (v1.5.8.RELEASE)


12:53:02.121 [main] INFO  hdfc.hdfcExtensionTest - Starting hdfcExtensionTest on DESKTOP-BLG6ACE with PID 6464 (started by 143sr in C:\Users\143sr\OneDrive\Desktop\MAVEN\HDFC\fundstransfer\fundstransfer)
12:53:02.121 [main] INFO  hdfc.hdfcExtensionTest - No active profile set, falling back to default profiles: default
12:53:02.168 [main] INFO  o.s.c.a.AnnotationConfigApplicationContext - Refreshing org.springframework.context.annotation.AnnotationConfigApplicationContext@8c3b9d: startup date [Thu Oct 14 12:53:02 IST 2021]; root of context hierarchy
12:53:02.730 [main] INFO  o.s.c.s.PostProcessorRegistrationDelegate$BeanPostProcessorChecker - Bean 'camelAutoConfiguration' of type [org.apache.camel.spring.boot.CamelAutoConfiguration$$EnhancerBySpringCGLIB$$a34908e5] is not eligible for getting processed by all BeanPostProcessors (for example: not eligible for auto-proxying)
12:53:04.125 [main] INFO  o.a.c.i.c.DefaultTypeConverter - Type converters loaded (core: 192, classpath: 1)
12:53:04.328 [main] INFO  o.a.c.spring.boot.RoutesCollector - Loading additional Camel XML routes from: classpath:camel/*.xml
12:53:04.328 [main] INFO  o.a.c.spring.boot.RoutesCollector - Loading additional Camel XML rests from: classpath:camel-rest/*.xml
12:53:04.328 [main] INFO  o.a.camel.spring.SpringCamelContext - Apache Camel 2.20.1 (CamelContext: camel-1) is starting
12:53:04.328 [main] INFO  o.a.c.m.ManagedManagementStrategy - JMX is enabled
12:53:04.891 [main] INFO  o.a.camel.spring.SpringCamelContext - StreamCaching is not in use. If using streams then its recommended to enable stream caching. See more details at http://camel.apache.org/stream-caching.html
12:53:04.891 [main] INFO  o.a.camel.spring.SpringCamelContext - Total 0 routes, of which 0 are started
12:53:04.891 [main] INFO  o.a.camel.spring.SpringCamelContext - Apache Camel 2.20.1 (CamelContext: camel-1) started in 0.563 seconds
12:53:04.906 [main] INFO  hdfc.hdfcExtensionTest - Started hdfcExtensionTest in 3.632 seconds (JVM running for 5.777)
12:53:05.000 [Thread-1] INFO  o.s.c.a.AnnotationConfigApplicationContext - Closing org.springframework.context.annotation.AnnotationConfigApplicationContext@8c3b9d: startup date [Thu Oct 14 12:53:02 IST 2021]; root of context hierarchy
12:53:05.188 [Thread-1] INFO  o.s.c.s.DefaultLifecycleProcessor - Stopping beans in phase 2147483647
12:53:05.188 [Thread-1] INFO  o.a.camel.spring.SpringCamelContext - Apache Camel 2.20.1 (CamelContext: camel-1) is shutting down
12:53:05.703 [Thread-1] INFO  o.a.camel.spring.SpringCamelContext - Apache Camel 2.20.1 (CamelContext: camel-1) uptime 1.375 seconds
12:53:05.703 [Thread-1] INFO  o.a.camel.spring.SpringCamelContext - Apache Camel 2.20.1 (CamelContext: camel-1) is shutdown in 0.515 seconds
